2025-02-12 13:48:14,584 - INFO - Starting program
2025-02-12 13:48:14,592 - INFO - Scrapping data from google search engine for tata merger search string
2025-02-12 13:48:14,633 - INFO - Scrapping data from google search engine for tata lawsuits search string
2025-02-12 13:48:14,634 - INFO - Scrapping data from google search engine for tata bankruptcy search string
2025-02-12 13:48:14,635 - INFO - Scrapping data from google search engine for jio merger search string
2025-02-12 13:48:14,636 - INFO - Scrapping data from google search engine for jio lawsuits search string
2025-02-12 13:48:14,637 - INFO - Scrapping data from google search engine for jio bankruptcy search string
2025-02-12 13:48:14,638 - INFO - Scrapping data from google search engine for apple merger search string
2025-02-12 13:48:14,640 - INFO - Scrapping data from google search engine for apple lawsuits search string
2025-02-12 13:48:14,640 - INFO - Scrapping data from google search engine for apple bankruptcy search string
2025-02-12 13:48:14,641 - INFO - Scrapping data from yahoo search engine for tata merger search string
2025-02-12 13:48:14,643 - INFO - Scrapping data from yahoo search engine for tata lawsuits search string
2025-02-12 13:48:14,644 - INFO - Scrapping data from yahoo search engine for tata bankruptcy search string
2025-02-12 13:48:14,645 - INFO - Scrapping data from yahoo search engine for jio merger search string
2025-02-12 13:48:14,646 - INFO - Scrapping data from yahoo search engine for jio lawsuits search string
2025-02-12 13:48:14,647 - INFO - Scrapping data from yahoo search engine for jio bankruptcy search string
2025-02-12 13:48:14,648 - INFO - Scrapping data from yahoo search engine for apple merger search string
2025-02-12 13:48:14,649 - INFO - Scrapping data from yahoo search engine for apple lawsuits search string
2025-02-12 13:48:14,650 - INFO - Scrapping data from yahoo search engine for apple bankruptcy search string
2025-02-12 13:48:14,651 - INFO - Scrapping data from bing search engine for tata merger search string
2025-02-12 13:48:14,653 - INFO - Scrapping data from bing search engine for tata lawsuits search string
2025-02-12 13:48:14,653 - INFO - Scrapping data from bing search engine for tata bankruptcy search string
2025-02-12 13:48:14,654 - INFO - Scrapping data from bing search engine for jio merger search string
2025-02-12 13:48:14,655 - INFO - Scrapping data from bing search engine for jio lawsuits search string
2025-02-12 13:48:14,656 - INFO - Scrapping data from bing search engine for jio bankruptcy search string
2025-02-12 13:48:14,659 - INFO - Scrapping data from bing search engine for apple merger search string
2025-02-12 13:48:14,660 - INFO - Scrapping data from bing search engine for apple lawsuits search string
2025-02-12 13:48:14,660 - INFO - Scrapping data from bing search engine for apple bankruptcy search string
2025-02-12 13:48:15,630 - INFO - Completed scraping data for google search engine and tata bankruptcy search string
2025-02-12 13:48:15,648 - INFO - Completed scraping data for bing search engine and jio lawsuits search string
2025-02-12 13:48:15,675 - INFO - Completed scraping data for bing search engine and apple bankruptcy search string
2025-02-12 13:48:15,693 - INFO - Completed scraping data for bing search engine and jio bankruptcy search string
2025-02-12 13:48:15,809 - INFO - Completed scraping data for google search engine and tata lawsuits search string
2025-02-12 13:48:15,940 - INFO - Completed scraping data for google search engine and jio bankruptcy search string
2025-02-12 13:48:15,953 - INFO - Completed scraping data for bing search engine and tata bankruptcy search string
2025-02-12 13:48:15,971 - INFO - Completed scraping data for bing search engine and tata merger search string
2025-02-12 13:48:16,014 - INFO - Completed scraping data for bing search engine and tata lawsuits search string
2025-02-12 13:48:16,027 - INFO - Completed scraping data for yahoo search engine and tata bankruptcy search string
2025-02-12 13:48:16,105 - INFO - Completed scraping data for google search engine and jio lawsuits search string
2025-02-12 13:48:16,120 - INFO - Completed scraping data for bing search engine and jio merger search string
2025-02-12 13:48:16,136 - INFO - Completed scraping data for bing search engine and apple lawsuits search string
2025-02-12 13:48:16,145 - INFO - Completed scraping data for yahoo search engine and jio merger search string
2025-02-12 13:48:16,159 - INFO - Completed scraping data for bing search engine and apple merger search string
2025-02-12 13:48:16,366 - INFO - Completed scraping data for google search engine and apple bankruptcy search string
2025-02-12 13:48:16,497 - INFO - Completed scraping data for google search engine and jio merger search string
2025-02-12 13:48:16,515 - INFO - Completed scraping data for yahoo search engine and apple lawsuits search string
2025-02-12 13:48:16,526 - INFO - Completed scraping data for yahoo search engine and jio bankruptcy search string
2025-02-12 13:48:16,663 - INFO - Completed scraping data for google search engine and tata merger search string
2025-02-12 13:48:16,675 - INFO - Completed scraping data for yahoo search engine and tata merger search string
2025-02-12 13:48:16,691 - INFO - Completed scraping data for yahoo search engine and apple merger search string
2025-02-12 13:48:16,815 - INFO - Completed scraping data for google search engine and apple lawsuits search string
2025-02-12 13:48:16,825 - INFO - Completed scraping data for yahoo search engine and tata lawsuits search string
2025-02-12 13:48:17,817 - INFO - Completed scraping data for yahoo search engine and jio lawsuits search string
2025-02-12 13:48:18,151 - INFO - Completed scraping data for google search engine and apple merger search string
2025-02-12 13:48:19,245 - INFO - Completed scraping data for yahoo search engine and apple bankruptcy search string
2025-02-12 13:48:19,354 - INFO - Data saved to 'output_1739348299.csv
2025-02-12 15:24:21,587 - INFO - Starting program
2025-02-12 15:24:21,601 - INFO - Scrapping data from google search engine for tata merger search string
2025-02-12 15:24:21,646 - INFO - Scrapping data from google search engine for tata lawsuits search string
2025-02-12 15:24:21,648 - INFO - Scrapping data from google search engine for tata bankruptcy search string
2025-02-12 15:24:21,649 - INFO - Scrapping data from google search engine for jio merger search string
2025-02-12 15:24:21,650 - INFO - Scrapping data from google search engine for jio lawsuits search string
2025-02-12 15:24:21,651 - INFO - Scrapping data from google search engine for jio bankruptcy search string
2025-02-12 15:24:21,653 - INFO - Scrapping data from google search engine for apple merger search string
2025-02-12 15:24:21,654 - INFO - Scrapping data from google search engine for apple lawsuits search string
2025-02-12 15:24:21,655 - INFO - Scrapping data from google search engine for apple bankruptcy search string
2025-02-12 15:24:21,657 - INFO - Scrapping data from yahoo search engine for tata merger search string
2025-02-12 15:24:21,659 - INFO - Scrapping data from yahoo search engine for tata lawsuits search string
2025-02-12 15:24:21,660 - INFO - Scrapping data from yahoo search engine for tata bankruptcy search string
2025-02-12 15:24:21,661 - INFO - Scrapping data from yahoo search engine for jio merger search string
2025-02-12 15:24:21,663 - INFO - Scrapping data from yahoo search engine for jio lawsuits search string
2025-02-12 15:24:21,664 - INFO - Scrapping data from yahoo search engine for jio bankruptcy search string
2025-02-12 15:24:21,665 - INFO - Scrapping data from yahoo search engine for apple merger search string
2025-02-12 15:24:21,666 - INFO - Scrapping data from yahoo search engine for apple lawsuits search string
2025-02-12 15:24:21,668 - INFO - Scrapping data from yahoo search engine for apple bankruptcy search string
2025-02-12 15:24:21,669 - INFO - Scrapping data from bing search engine for tata merger search string
2025-02-12 15:24:21,683 - INFO - Scrapping data from bing search engine for tata lawsuits search string
2025-02-12 15:24:21,684 - INFO - Scrapping data from bing search engine for tata bankruptcy search string
2025-02-12 15:24:21,686 - INFO - Scrapping data from bing search engine for jio merger search string
2025-02-12 15:24:21,687 - INFO - Scrapping data from bing search engine for jio lawsuits search string
2025-02-12 15:24:21,688 - INFO - Scrapping data from bing search engine for jio bankruptcy search string
2025-02-12 15:24:21,692 - INFO - Scrapping data from bing search engine for apple merger search string
2025-02-12 15:24:21,694 - INFO - Scrapping data from bing search engine for apple lawsuits search string
2025-02-12 15:24:21,694 - INFO - Scrapping data from bing search engine for apple bankruptcy search string
2025-02-12 15:24:22,461 - INFO - Completed scraping data for bing search engine and apple bankruptcy search string
2025-02-12 15:24:22,569 - INFO - Completed scraping data for bing search engine and jio lawsuits search string
2025-02-12 15:24:22,595 - INFO - Completed scraping data for bing search engine and apple merger search string
2025-02-12 15:24:22,804 - INFO - Completed scraping data for google search engine and tata bankruptcy search string
2025-02-12 15:24:22,843 - INFO - Completed scraping data for bing search engine and jio merger search string
2025-02-12 15:24:23,003 - INFO - Completed scraping data for google search engine and jio lawsuits search string
2025-02-12 15:24:23,093 - INFO - Completed scraping data for google search engine and tata lawsuits search string
2025-02-12 15:24:23,110 - INFO - Completed scraping data for bing search engine and apple lawsuits search string
2025-02-12 15:24:23,267 - INFO - Completed scraping data for google search engine and jio merger search string
2025-02-12 15:24:23,448 - INFO - Completed scraping data for google search engine and apple merger search string
2025-02-12 15:24:23,568 - INFO - Completed scraping data for google search engine and apple lawsuits search string
2025-02-12 15:24:23,695 - INFO - Completed scraping data for google search engine and tata merger search string
2025-02-12 15:24:23,710 - INFO - Completed scraping data for yahoo search engine and apple lawsuits search string
2025-02-12 15:24:23,722 - INFO - Completed scraping data for yahoo search engine and jio lawsuits search string
2025-02-12 15:24:23,758 - INFO - Completed scraping data for yahoo search engine and apple bankruptcy search string
2025-02-12 15:24:23,770 - INFO - Completed scraping data for yahoo search engine and apple merger search string
2025-02-12 15:24:23,777 - INFO - Completed scraping data for yahoo search engine and tata merger search string
2025-02-12 15:24:23,785 - INFO - Completed scraping data for yahoo search engine and tata lawsuits search string
2025-02-12 15:24:23,796 - INFO - Completed scraping data for yahoo search engine and jio bankruptcy search string
2025-02-12 15:24:23,900 - INFO - Completed scraping data for google search engine and apple bankruptcy search string
2025-02-12 15:24:23,916 - INFO - Completed scraping data for bing search engine and jio bankruptcy search string
2025-02-12 15:24:23,931 - INFO - Completed scraping data for bing search engine and tata lawsuits search string
2025-02-12 15:24:23,948 - INFO - Completed scraping data for bing search engine and tata merger search string
2025-02-12 15:24:23,958 - INFO - Completed scraping data for bing search engine and tata bankruptcy search string
2025-02-12 15:24:24,817 - INFO - Completed scraping data for google search engine and jio bankruptcy search string
2025-02-12 15:24:24,900 - INFO - Completed scraping data for yahoo search engine and jio merger search string
2025-02-12 15:24:24,932 - INFO - Completed scraping data for yahoo search engine and tata bankruptcy search string
2025-02-12 15:24:25,031 - INFO - Data saved to 'output_1739354065.csv
